app/build/outputs/logs/manifest-merger-debug-report.txt
-- Merging decision tree log ---
manifest
ADDED from src/main/AndroidManifest.xml:2:1-78:12
	package
		ADDED from src/main/AndroidManifest.xml:3:5-43
		INJECTED from src/main/AndroidManifest.xml
		INJECTED from src/main/AndroidManifest.xml
	android:versionName
		ADDED from src/main/AndroidManifest.xml:5:5-30
		INJECTED from src/main/AndroidManifest.xml
		INJECTED from src/main/AndroidManifest.xml
	android:versionCode
		ADDED from src/main/AndroidManifest.xml:4:5-28
		INJECTED from src/main/AndroidManifest.xml
		INJECTED from src/main/AndroidManifest.xml
	xmlns:android
		ADDED from src/main/AndroidManifest.xml:2:11-69
uses-sdk
ADDED from src/main/AndroidManifest.xml:7:5-9:41
	android:targetSdkVersion
		ADDED from src/main/AndroidManifest.xml:9:9-38
		INJECTED from src/main/AndroidManifest.xml
		INJECTED from src/main/AndroidManifest.xml
	android:minSdkVersion
		ADDED from src/main/AndroidManifest.xml:8:9-35
		INJECTED from src/main/AndroidManifest.xml
		INJECTED from src/main/AndroidManifest.xml
application
ADDED from src/main/AndroidManifest.xml:11:5-76:19
	android:label
		ADDED from src/main/AndroidManifest.xml:14:9-41
	android:allowBackup
		ADDED from src/main/AndroidManifest.xml:12:9-35
	android:icon
		ADDED from src/main/AndroidManifest.xml:13:9-45
	android:theme
		ADDED from src/main/AndroidManifest.xml:15:9-40
activity#info.androidhive.slidingmenu.Two
ADDED from src/main/AndroidManifest.xml:16:9-18:57
	android:label
		ADDED from src/main/AndroidManifest.xml:17:13-45
	android:parentActivityName
		ADDED from src/main/AndroidManifest.xml:18:13-55
	android:name
		ADDED from src/main/AndroidManifest.xml:16:19-38
activity#info.androidhive.slidingmenu.Three
ADDED from src/main/AndroidManifest.xml:19:9-21:57
	android:label
		ADDED from src/main/AndroidManifest.xml:20:13-45
	android:parentActivityName
		ADDED from src/main/AndroidManifest.xml:21:13-55
	android:name
		ADDED from src/main/AndroidManifest.xml:19:19-40
activity#info.androidhive.slidingmenu.Four
ADDED from src/main/AndroidManifest.xml:22:9-24:57
	android:label
		ADDED from src/main/AndroidManifest.xml:23:13-45
	android:parentActivityName
		ADDED from src/main/AndroidManifest.xml:24:13-55
	android:name
		ADDED from src/main/AndroidManifest.xml:22:19-39
activity#info.androidhive.slidingmenu.Five
ADDED from src/main/AndroidManifest.xml:25:9-27:57
	android:label
		ADDED from src/main/AndroidManifest.xml:26:13-45
	android:parentActivityName
		ADDED from src/main/AndroidManifest.xml:27:13-55
	android:name
		ADDED from src/main/AndroidManifest.xml:25:19-39
activity#info.androidhive.slidingmenu.Six
ADDED from src/main/AndroidManifest.xml:28:9-30:57
	android:label
		ADDED from src/main/AndroidManifest.xml:29:13-45
	android:parentActivityName
		ADDED from src/main/AndroidManifest.xml:30:13-55
	android:name
		ADDED from src/main/AndroidManifest.xml:28:19-38
activity#info.androidhive.slidingmenu.Seven
ADDED from src/main/AndroidManifest.xml:31:9-33:57
	android:label
		ADDED from src/main/AndroidManifest.xml:32:13-45
	android:parentActivityName
		ADDED from src/main/AndroidManifest.xml:33:13-55
	android:name
		ADDED from src/main/AndroidManifest.xml:31:19-40
activity#info.androidhive.slidingmenu.Eight
ADDED from src/main/AndroidManifest.xml:34:9-36:57
	android:label
		ADDED from src/main/AndroidManifest.xml:35:13-45
	android:parentActivityName
		ADDED from src/main/AndroidManifest.xml:36:13-55
	android:name
		ADDED from src/main/AndroidManifest.xml:34:19-40
activity#info.androidhive.slidingmenu.Nine
ADDED from src/main/AndroidManifest.xml:37:9-39:57
	android:label
		ADDED from src/main/AndroidManifest.xml:38:13-45
	android:parentActivityName
		ADDED from src/main/AndroidManifest.xml:39:13-55
	android:name
		ADDED from src/main/AndroidManifest.xml:37:19-39
activity#info.androidhive.slidingmenu.Ten
ADDED from src/main/AndroidManifest.xml:40:9-42:57
	android:label
		ADDED from src/main/AndroidManifest.xml:41:13-45
	android:parentActivityName
		ADDED from src/main/AndroidManifest.xml:42:13-55
	android:name
		ADDED from src/main/AndroidManifest.xml:40:19-38
activity#info.androidhive.slidingmenu.Eleven
ADDED from src/main/AndroidManifest.xml:43:9-45:57
	android:label
		ADDED from src/main/AndroidManifest.xml:44:13-45
	android:parentActivityName
		ADDED from src/main/AndroidManifest.xml:45:13-55
	android:name
		ADDED from src/main/AndroidManifest.xml:43:19-41
activity#info.androidhive.slidingmenu.Twelve
ADDED from src/main/AndroidManifest.xml:46:9-48:57
	android:label
		ADDED from src/main/AndroidManifest.xml:47:13-45
	android:parentActivityName
		ADDED from src/main/AndroidManifest.xml:48:13-55
	android:name
		ADDED from src/main/AndroidManifest.xml:46:19-41
activity#info.androidhive.slidingmenu.Thirteen
ADDED from src/main/AndroidManifest.xml:49:9-51:57
	android:label
		ADDED from src/main/AndroidManifest.xml:50:13-45
	android:parentActivityName
		ADDED from src/main/AndroidManifest.xml:51:13-55
	android:name
		ADDED from src/main/AndroidManifest.xml:49:19-43
activity#info.androidhive.slidingmenu.Fourteen
ADDED from src/main/AndroidManifest.xml:52:9-54:57
	android:label
		ADDED from src/main/AndroidManifest.xml:53:13-45
	android:parentActivityName
		ADDED from src/main/AndroidManifest.xml:54:13-55
	android:name
		ADDED from src/main/AndroidManifest.xml:52:19-43
activity#info.androidhive.slidingmenu.Fifteen
ADDED from src/main/AndroidManifest.xml:55:9-57:57
	android:label
		ADDED from src/main/AndroidManifest.xml:56:13-45
	android:parentActivityName
		ADDED from src/main/AndroidManifest.xml:57:13-55
	android:name
		ADDED from src/main/AndroidManifest.xml:55:19-42
activity#info.androidhive.slidingmenu.Sixteen
ADDED from src/main/AndroidManifest.xml:58:9-60:57
	android:label
		ADDED from src/main/AndroidManifest.xml:59:13-45
	android:parentActivityName
		ADDED from src/main/AndroidManifest.xml:60:13-55
	android:name
		ADDED from src/main/AndroidManifest.xml:58:19-42
activity#info.androidhive.slidingmenu.Seventeen
ADDED from src/main/AndroidManifest.xml:61:9-63:57
	android:label
		ADDED from src/main/AndroidManifest.xml:62:13-45
	android:parentActivityName
		ADDED from src/main/AndroidManifest.xml:63:13-55
	android:name
		ADDED from src/main/AndroidManifest.xml:61:19-44
activity#info.androidhive.slidingmenu.Eighteen
ADDED from src/main/AndroidManifest.xml:64:9-66:57
	android:label
		ADDED from src/main/AndroidManifest.xml:65:13-45
	android:parentActivityName
		ADDED from src/main/AndroidManifest.xml:66:13-55
	android:name
		ADDED from src/main/AndroidManifest.xml:64:19-43
activity#info.androidhive.slidingmenu.MainActivity
ADDED from src/main/AndroidManifest.xml:67:9-75:20
	android:label
		ADDED from src/main/AndroidManifest.xml:69:13-45
	android:name
		ADDED from src/main/AndroidManifest.xml:68:13-69
intent-filter#android.intent.action.MAIN+android.intent.category.LAUNCHER
ADDED from src/main/AndroidManifest.xml:70:13-74:29
action#android.intent.action.MAIN
ADDED from src/main/AndroidManifest.xml:71:17-69
	android:name
		ADDED from src/main/AndroidManifest.xml:71:25-66
category#android.intent.category.LAUNCHER
ADDED from src/main/AndroidManifest.xml:73:17-77
	android:name
		ADDED from src/main/AndroidManifest.xml:73:27-74